<?xml version="1.0" encoding="UTF-8"?>
<!-- Generated by org.testng.reporters.JUnitXMLReporter -->
<testsuite hostname="ICWS-1162" name="TC_CFS_002 : Check fields/options to be displayed when user selects Request type = Devanning and Document type = BOL." tests="1" failures="0" timestamp="15 Feb 2017 05:55:12 GMT" time="124.516" errors="0">
  <testcase name="openingBOLFields" time="105.855" classname="com.cfs.index.ServiceRequestIndex"/>
</testsuite> <!-- TC_CFS_002 : Check fields/options to be displayed when user selects Request type = Devanning and Document type = BOL. -->
