<?xml version="1.0" encoding="UTF-8"?>
<!-- Generated by org.testng.reporters.JUnitXMLReporter -->
<testsuite hostname="ICWS-1162" name="TC_CFS_04 : To verify user can view the created job list after successfully approvd request." tests="1" failures="0" timestamp="28 Feb 2017 09:11:45 GMT" time="370.829" errors="0">
  <testcase name="viewCreatedJob" time="361.996" classname="com.cfs.index.JobIndex"/>
</testsuite> <!-- TC_CFS_04 : To verify user can view the created job list after successfully approvd request. -->
