<?xml version="1.0" encoding="UTF-8"?>
<!-- Generated by org.testng.reporters.JUnitXMLReporter -->
<testsuite hostname="ICWS-1162" name="TC_CFS_01 : To verify user can complete request with Request Type = Devanning and Document Type = BOL." tests="1" failures="0" timestamp="28 Feb 2017 09:21:43 GMT" time="205.96" errors="0">
  <testcase name="requestByBOLFlow" time="195.629" classname="com.cfs.index.ServiceRequestIndex"/>
</testsuite> <!-- TC_CFS_01 : To verify user can complete request with Request Type = Devanning and Document Type = BOL. -->
