<?xml version="1.0" encoding="UTF-8"?>
<!-- Generated by org.testng.reporters.JUnitXMLReporter -->
<testsuite hostname="ICWS-1162" name="TC_CFS_04 : Check fields/options to be displayed when user selects Request type = Devanning and Document type = BOL." tests="1" failures="0" timestamp="14 Feb 2017 04:20:30 GMT" time="116.622" errors="0">
  <testcase name="openingBOLFields" time="99.136" classname="com.cfs.index.ServiceRequestIndex"/>
</testsuite> <!-- TC_CFS_04 : Check fields/options to be displayed when user selects Request type = Devanning and Document type = BOL. -->
