<?xml version="1.0" encoding="UTF-8"?>
<!-- Generated by org.testng.reporters.JUnitXMLReporter -->
<testsuite hostname="ICWS-1162" name="TC_CFS_001 : Check fields/options to be displayed when user selects Request type = Devanning." tests="1" failures="0" timestamp="15 Feb 2017 05:53:07 GMT" time="68.724" errors="0">
  <testcase name="openDevinningForm" time="51.015" classname="com.cfs.index.ServiceRequestIndex"/>
</testsuite> <!-- TC_CFS_001 : Check fields/options to be displayed when user selects Request type = Devanning. -->
