<?xml version="1.0" encoding="UTF-8"?>
<!-- Generated by org.testng.reporters.JUnitXMLReporter -->
<testsuite hostname="ICWS-1162" name="TC_CFS_03 : Check fields/options to be displayed when user selects Request type = Devanning." tests="1" failures="0" timestamp="14 Feb 2017 04:18:34 GMT" time="67.122" errors="0">
  <testcase name="openDevinningForm" time="47.824" classname="com.cfs.index.ServiceRequestIndex"/>
</testsuite> <!-- TC_CFS_03 : Check fields/options to be displayed when user selects Request type = Devanning. -->
