<?xml version="1.0" encoding="UTF-8"?>
<!-- Generated by org.testng.reporters.JUnitXMLReporter -->
<testsuite hostname="ICWS-1162" name="TC_CFS_03 : To user can see the Devinning form for create request." tests="1" failures="0" timestamp="7 Feb 2017 06:31:40 GMT" time="64.615" errors="0">
  <testcase name="@BeforeMethod setUp" time="0.0" classname="com.cfs.index.ServiceRequestIndex">
    <failure type="org.openqa.selenium.WebDriverException" message="Unable to connect to host 127.0.0.1 on port 7055 after 45000 ms. Firefox console output:
:\\Program Files (x86)\\Mozilla Firefox\\browser\\extensions\\{972ce4c6-7e08-4474-a285-3208198ce6fd}.xpi&amp;quot;,&amp;quot;installDate&amp;quot;:1485371690000,&amp;quot;updateDate&amp;quot;:1485371690000,&amp;quot;applyBackgroundUpdates&amp;quot;:1,&amp;quot;skinnable&amp;quot;:true,&amp;quot;size&amp;quot;:19708,&amp;quot;sourceURI&amp;quot;:null,&amp;quot;releaseNotesURI&amp;quot;:null,&amp;quot;softDisabled&amp;quot;:false,&amp;quot;foreignInstall&amp;quot;:false,&amp;quot;hasBinaryComponents&amp;quot;:false,&amp;quot;strictCompatibility&amp;quot;:true,&amp;quot;locales&amp;quot;:[],&amp;quot;targetApplications&amp;quot;:[{&amp;quot;id&amp;quot;:&amp;quot;{ec8030f7-c20a-464f-9b0e-13a3a9e97384}&amp;quot;,&amp;quot;minVersion&amp;quot;:&amp;quot;51.0.1&amp;quot;,&amp;quot;maxVersion&amp;quot;:&amp;quot;51.0.1&amp;quot;}],&amp;quot;targetPlatforms&amp;quot;:[],&amp;quot;seen&amp;quot;:true,&amp;quot;dependencies&amp;quot;:[],&amp;quot;hasEmbeddedWebExtension&amp;quot;:false}
1486449037095	addons.xpi	DEBUG	getModTime: Recursive scan of {972ce4c6-7e08-4474-a285-3208198ce6fd}
1486449037095	DeferredSave.extensions.json	DEBUG	Save changes
1486449037095	addons.xpi	DEBUG	Updating database with changes to installed add-ons
1486449037096	addons.xpi-utils	DEBUG	Updating add-on states
1486449037096	addons.xpi-utils	DEBUG	Writing add-ons list
1486449037098	addons.xpi	DEBUG	Registering manifest for C:\Program Files (x86)\Mozilla Firefox\browser\features\aushelper@mozilla.org.xpi
1486449037099	addons.xpi	DEBUG	Calling bootstrap method startup on aushelper@mozilla.org version 1.0
1486449037100	addons.xpi	DEBUG	Registering manifest for C:\Program Files (x86)\Mozilla Firefox\browser\features\e10srollout@mozilla.org.xpi
1486449037101	addons.xpi	DEBUG	Calling bootstrap method startup on e10srollout@mozilla.org version 1.7
1486449037101	addons.xpi	DEBUG	Registering manifest for C:\Program Files (x86)\Mozilla Firefox\browser\features\firefox@getpocket.com.xpi
1486449037102	addons.xpi	DEBUG	Calling bootstrap method startup on firefox@getpocket.com version 1.0.5
1486449037102	addons.xpi	DEBUG	Registering manifest for C:\Program Files (x86)\Mozilla Firefox\browser\features\webcompat@mozilla.org.xpi
1486449037103	addons.xpi	DEBUG	Calling bootstrap method startup on webcompat@mozilla.org version 1.0
1486449037105	addons.manager	DEBUG	Registering shutdown blocker for XPIProvider
1486449037105	addons.manager	DEBUG	Provider finished startup: XPIProvider
1486449037105	addons.manager	DEBUG	Starting provider: LightweightThemeManager
1486449037105	addons.manager	DEBUG	Registering shutdown blocker for LightweightThemeManager
1486449037106	addons.manager	DEBUG	Provider finished startup: LightweightThemeManager
1486449037106	addons.manager	DEBUG	Starting provider: GMPProvider
1486449037112	addons.manager	DEBUG	Registering shutdown blocker for GMPProvider
1486449037112	addons.manager	DEBUG	Provider finished startup: GMPProvider
1486449037112	addons.manager	DEBUG	Starting provider: PluginProvider
1486449037112	addons.manager	DEBUG	Registering shutdown blocker for PluginProvider
1486449037113	addons.manager	DEBUG	Provider finished startup: PluginProvider
1486449037113	addons.manager	DEBUG	Completed startup sequence
1486449038653	addons.manager	DEBUG	Starting provider: &amp;lt;unnamed-provider&amp;gt;
1486449038653	addons.manager	DEBUG	Registering shutdown blocker for &amp;lt;unnamed-provider&amp;gt;
1486449038653	addons.manager	DEBUG	Provider finished startup: &amp;lt;unnamed-provider&amp;gt;
1486449038656	DeferredSave.extensions.json	DEBUG	Starting write
1486449038793	addons.repository	DEBUG	No addons.json found.
1486449038793	DeferredSave.addons.json	DEBUG	Save changes
1486449038796	DeferredSave.addons.json	DEBUG	Starting timer
1486449038814	addons.manager	DEBUG	Starting provider: PreviousExperimentProvider
1486449038814	addons.manager	DEBUG	Registering shutdown blocker for PreviousExperimentProvider
1486449038814	addons.manager	DEBUG	Provider finished startup: PreviousExperimentProvider
1486449038817	DeferredSave.extensions.json	DEBUG	Write succeeded
1486449038817	addons.xpi-utils	DEBUG	XPI Database saved, setting schema version preference to 19
1486449038850	DeferredSave.addons.json	DEBUG	Starting write
1486449038963	DeferredSave.addons.json	DEBUG	Write succeeded
1486449099540	addons.productaddons	INFO	sending request to: https://aus5.mozilla.org/update/3/GMP/51.0.1/20170125094131/WINNT_x86-msvc-x64/en-US/release/Windows_NT%206.1.1.0%20(x64)/default/default/update.xml

Command duration or timeout: 64.61 seconds
Build info: version: &amp;apos;2.53.1&amp;apos;, revision: &amp;apos;a36b8b1&amp;apos;, time: &amp;apos;2016-06-30 17:37:03&amp;apos;
System info: host: &amp;apos;ICWS-1162&amp;apos;, ip: &amp;apos;192.168.0.42&amp;apos;, os.name: &amp;apos;Windows 7&amp;apos;, os.arch: &amp;apos;amd64&amp;apos;, os.version: &amp;apos;6.1&amp;apos;, java.version: &amp;apos;1.8.0_111&amp;apos;
Driver info: org.openqa.selenium.remote.RemoteWebDriver">
      <![CDATA[org.openqa.selenium.WebDriverException: Unable to connect to host 127.0.0.1 on port 7055 after 45000 ms. Firefox console output:
:\\Program Files (x86)\\Mozilla Firefox\\browser\\extensions\\{972ce4c6-7e08-4474-a285-3208198ce6fd}.xpi","installDate":1485371690000,"updateDate":1485371690000,"applyBackgroundUpdates":1,"skinnable":true,"size":19708,"sourceURI":null,"releaseNotesURI":null,"softDisabled":false,"foreignInstall":false,"hasBinaryComponents":false,"strictCompatibility":true,"locales":[],"targetApplications":[{"id":"{ec8030f7-c20a-464f-9b0e-13a3a9e97384}","minVersion":"51.0.1","maxVersion":"51.0.1"}],"targetPlatforms":[],"seen":true,"dependencies":[],"hasEmbeddedWebExtension":false}
1486449037095	addons.xpi	DEBUG	getModTime: Recursive scan of {972ce4c6-7e08-4474-a285-3208198ce6fd}
1486449037095	DeferredSave.extensions.json	DEBUG	Save changes
1486449037095	addons.xpi	DEBUG	Updating database with changes to installed add-ons
1486449037096	addons.xpi-utils	DEBUG	Updating add-on states
1486449037096	addons.xpi-utils	DEBUG	Writing add-ons list
1486449037098	addons.xpi	DEBUG	Registering manifest for C:\Program Files (x86)\Mozilla Firefox\browser\features\aushelper@mozilla.org.xpi
1486449037099	addons.xpi	DEBUG	Calling bootstrap method startup on aushelper@mozilla.org version 1.0
1486449037100	addons.xpi	DEBUG	Registering manifest for C:\Program Files (x86)\Mozilla Firefox\browser\features\e10srollout@mozilla.org.xpi
1486449037101	addons.xpi	DEBUG	Calling bootstrap method startup on e10srollout@mozilla.org version 1.7
1486449037101	addons.xpi	DEBUG	Registering manifest for C:\Program Files (x86)\Mozilla Firefox\browser\features\firefox@getpocket.com.xpi
1486449037102	addons.xpi	DEBUG	Calling bootstrap method startup on firefox@getpocket.com version 1.0.5
1486449037102	addons.xpi	DEBUG	Registering manifest for C:\Program Files (x86)\Mozilla Firefox\browser\features\webcompat@mozilla.org.xpi
1486449037103	addons.xpi	DEBUG	Calling bootstrap method startup on webcompat@mozilla.org version 1.0
1486449037105	addons.manager	DEBUG	Registering shutdown blocker for XPIProvider
1486449037105	addons.manager	DEBUG	Provider finished startup: XPIProvider
1486449037105	addons.manager	DEBUG	Starting provider: LightweightThemeManager
1486449037105	addons.manager	DEBUG	Registering shutdown blocker for LightweightThemeManager
1486449037106	addons.manager	DEBUG	Provider finished startup: LightweightThemeManager
1486449037106	addons.manager	DEBUG	Starting provider: GMPProvider
1486449037112	addons.manager	DEBUG	Registering shutdown blocker for GMPProvider
1486449037112	addons.manager	DEBUG	Provider finished startup: GMPProvider
1486449037112	addons.manager	DEBUG	Starting provider: PluginProvider
1486449037112	addons.manager	DEBUG	Registering shutdown blocker for PluginProvider
1486449037113	addons.manager	DEBUG	Provider finished startup: PluginProvider
1486449037113	addons.manager	DEBUG	Completed startup sequence
1486449038653	addons.manager	DEBUG	Starting provider: <unnamed-provider>
1486449038653	addons.manager	DEBUG	Registering shutdown blocker for <unnamed-provider>
1486449038653	addons.manager	DEBUG	Provider finished startup: <unnamed-provider>
1486449038656	DeferredSave.extensions.json	DEBUG	Starting write
1486449038793	addons.repository	DEBUG	No addons.json found.
1486449038793	DeferredSave.addons.json	DEBUG	Save changes
1486449038796	DeferredSave.addons.json	DEBUG	Starting timer
1486449038814	addons.manager	DEBUG	Starting provider: PreviousExperimentProvider
1486449038814	addons.manager	DEBUG	Registering shutdown blocker for PreviousExperimentProvider
1486449038814	addons.manager	DEBUG	Provider finished startup: PreviousExperimentProvider
1486449038817	DeferredSave.extensions.json	DEBUG	Write succeeded
1486449038817	addons.xpi-utils	DEBUG	XPI Database saved, setting schema version preference to 19
1486449038850	DeferredSave.addons.json	DEBUG	Starting write
1486449038963	DeferredSave.addons.json	DEBUG	Write succeeded
1486449099540	addons.productaddons	INFO	sending request to: https://aus5.mozilla.org/update/3/GMP/51.0.1/20170125094131/WINNT_x86-msvc-x64/en-US/release/Windows_NT%206.1.1.0%20(x64)/default/default/update.xml

Command duration or timeout: 64.61 seconds
Build info: version: '2.53.1', revision: 'a36b8b1', time: '2016-06-30 17:37:03'
System info: host: 'ICWS-1162', ip: '192.168.0.42', os.name: 'Windows 7', os.arch: 'amd64', os.version: '6.1', java.version: '1.8.0_111'
Driver info: org.openqa.selenium.remote.RemoteWebDriver
	at sun.reflect.NativeConstructorAccessorImpl.newInstance0(Native Method)
	at sun.reflect.NativeConstructorAccessorImpl.newInstance(Unknown Source)
	at sun.reflect.DelegatingConstructorAccessorImpl.newInstance(Unknown Source)
	at java.lang.reflect.Constructor.newInstance(Unknown Source)
	at org.openqa.selenium.remote.ErrorHandler.createThrowable(ErrorHandler.java:206)
	at org.openqa.selenium.remote.ErrorHandler.throwIfResponseFailed(ErrorHandler.java:158)
	at org.openqa.selenium.remote.RemoteWebDriver.execute(RemoteWebDriver.java:678)
	at org.openqa.selenium.remote.RemoteWebDriver.startSession(RemoteWebDriver.java:249)
	at org.openqa.selenium.remote.RemoteWebDriver.<init>(RemoteWebDriver.java:131)
	at org.openqa.selenium.remote.RemoteWebDriver.<init>(RemoteWebDriver.java:158)
	at com.cfs.init.SeleniumInit.setUp(SeleniumInit.java:156)
	at sun.reflect.NativeMethodAccessorImpl.invoke0(Native Method)
	at sun.reflect.NativeMethodAccessorImpl.invoke(Unknown Source)
	at sun.reflect.DelegatingMethodAccessorImpl.invoke(Unknown Source)
	at java.lang.reflect.Method.invoke(Unknown Source)
	at org.testng.internal.MethodInvocationHelper.invokeMethod(MethodInvocationHelper.java:85)
	at org.testng.internal.Invoker.invokeConfigurationMethod(Invoker.java:510)
	at org.testng.internal.Invoker.invokeConfigurations(Invoker.java:211)
	at org.testng.internal.Invoker.invokeMethod(Invoker.java:585)
	at org.testng.internal.Invoker.invokeTestMethod(Invoker.java:816)
	at org.testng.internal.Invoker.invokeTestMethods(Invoker.java:1124)
	at org.testng.internal.TestMethodWorker.invokeTestMethods(TestMethodWorker.java:125)
	at org.testng.internal.TestMethodWorker.run(TestMethodWorker.java:108)
	at org.testng.TestRunner.privateRun(TestRunner.java:774)
	at org.testng.TestRunner.run(TestRunner.java:624)
	at org.testng.SuiteRunner.runTest(SuiteRunner.java:359)
	at org.testng.SuiteRunner.runSequentially(SuiteRunner.java:354)
	at org.testng.SuiteRunner.privateRun(SuiteRunner.java:312)
	at org.testng.SuiteRunner.run(SuiteRunner.java:261)
	at org.testng.SuiteRunnerWorker.runSuite(SuiteRunnerWorker.java:52)
	at org.testng.SuiteRunnerWorker.run(SuiteRunnerWorker.java:86)
	at org.testng.TestNG.runSuitesSequentially(TestNG.java:1215)
	at org.testng.TestNG.runSuitesLocally(TestNG.java:1140)
	at org.testng.TestNG.run(TestNG.java:1048)
	at org.testng.remote.AbstractRemoteTestNG.run(AbstractRemoteTestNG.java:132)
	at org.testng.remote.RemoteTestNG.initAndRun(RemoteTestNG.java:236)
	at org.testng.remote.RemoteTestNG.main(RemoteTestNG.java:81)
Caused by: org.openqa.selenium.remote.ErrorHandler$UnknownServerException: Unable to connect to host 127.0.0.1 on port 7055 after 45000 ms. Firefox console output:
:\\Program Files (x86)\\Mozilla Firefox\\browser\\extensions\\{972ce4c6-7e08-4474-a285-3208198ce6fd}.xpi","installDate":1485371690000,"updateDate":1485371690000,"applyBackgroundUpdates":1,"skinnable":true,"size":19708,"sourceURI":null,"releaseNotesURI":null,"softDisabled":false,"foreignInstall":false,"hasBinaryComponents":false,"strictCompatibility":true,"locales":[],"targetApplications":[{"id":"{ec8030f7-c20a-464f-9b0e-13a3a9e97384}","minVersion":"51.0.1","maxVersion":"51.0.1"}],"targetPlatforms":[],"seen":true,"dependencies":[],"hasEmbeddedWebExtension":false}
1486449037095	addons.xpi	DEBUG	getModTime: Recursive scan of {972ce4c6-7e08-4474-a285-3208198ce6fd}
1486449037095	DeferredSave.extensions.json	DEBUG	Save changes
1486449037095	addons.xpi	DEBUG	Updating database with changes to installed add-ons
1486449037096	addons.xpi-utils	DEBUG	Updating add-on states
1486449037096	addons.xpi-utils	DEBUG	Writing add-ons list
1486449037098	addons.xpi	DEBUG	Registering manifest for C:\Program Files (x86)\Mozilla Firefox\browser\features\aushelper@mozilla.org.xpi
1486449037099	addons.xpi	DEBUG	Calling bootstrap method startup on aushelper@mozilla.org version 1.0
1486449037100	addons.xpi	DEBUG	Registering manifest for C:\Program Files (x86)\Mozilla Firefox\browser\features\e10srollout@mozilla.org.xpi
1486449037101	addons.xpi	DEBUG	Calling bootstrap method startup on e10srollout@mozilla.org version 1.7
1486449037101	addons.xpi	DEBUG	Registering manifest for C:\Program Files (x86)\Mozilla Firefox\browser\features\firefox@getpocket.com.xpi
1486449037102	addons.xpi	DEBUG	Calling bootstrap method startup on firefox@getpocket.com version 1.0.5
1486449037102	addons.xpi	DEBUG	Registering manifest for C:\Program Files (x86)\Mozilla Firefox\browser\features\webcompat@mozilla.org.xpi
1486449037103	addons.xpi	DEBUG	Calling bootstrap method startup on webcompat@mozilla.org version 1.0
1486449037105	addons.manager	DEBUG	Registering shutdown blocker for XPIProvider
1486449037105	addons.manager	DEBUG	Provider finished startup: XPIProvider
1486449037105	addons.manager	DEBUG	Starting provider: LightweightThemeManager
1486449037105	addons.manager	DEBUG	Registering shutdown blocker for LightweightThemeManager
1486449037106	addons.manager	DEBUG	Provider finished startup: LightweightThemeManager
1486449037106	addons.manager	DEBUG	Starting provider: GMPProvider
1486449037112	addons.manager	DEBUG	Registering shutdown blocker for GMPProvider
1486449037112	addons.manager	DEBUG	Provider finished startup: GMPProvider
1486449037112	addons.manager	DEBUG	Starting provider: PluginProvider
1486449037112	addons.manager	DEBUG	Registering shutdown blocker for PluginProvider
1486449037113	addons.manager	DEBUG	Provider finished startup: PluginProvider
1486449037113	addons.manager	DEBUG	Completed startup sequence
1486449038653	addons.manager	DEBUG	Starting provider: <unnamed-provider>
1486449038653	addons.manager	DEBUG	Registering shutdown blocker for <unnamed-provider>
1486449038653	addons.manager	DEBUG	Provider finished startup: <unnamed-provider>
1486449038656	DeferredSave.extensions.json	DEBUG	Starting write
1486449038793	addons.repository	DEBUG	No addons.json found.
1486449038793	DeferredSave.addons.json	DEBUG	Save changes
1486449038796	DeferredSave.addons.json	DEBUG	Starting timer
1486449038814	addons.manager	DEBUG	Starting provider: PreviousExperimentProvider
1486449038814	addons.manager	DEBUG	Registering shutdown blocker for PreviousExperimentProvider
1486449038814	addons.manager	DEBUG	Provider finished startup: PreviousExperimentProvider
1486449038817	DeferredSave.extensions.json	DEBUG	Write succeeded
1486449038817	addons.xpi-utils	DEBUG	XPI Database saved, setting schema version preference to 19
1486449038850	DeferredSave.addons.json	DEBUG	Starting write
1486449038963	DeferredSave.addons.json	DEBUG	Write succeeded
1486449099540	addons.productaddons	INFO	sending request to: https://aus5.mozilla.org/update/3/GMP/51.0.1/20170125094131/WINNT_x86-msvc-x64/en-US/release/Windows_NT%206.1.1.0%20(x64)/default/default/update.xml

Build info: version: '2.53.1', revision: 'a36b8b1', time: '2016-06-30 17:37:03'
System info: host: 'ICWS-1162', ip: '192.168.0.42', os.name: 'Windows 7', os.arch: 'amd64', os.version: '6.1', java.version: '1.8.0_111'
Driver info: driver.version: FirefoxDriver
	at org.openqa.selenium.firefox.internal.NewProfileExtensionConnection.start(NewProfileExtensionConnection.java:112)
	at org.openqa.selenium.firefox.FirefoxDriver.startClient(FirefoxDriver.java:271)
	at org.openqa.selenium.remote.RemoteWebDriver.<init>(RemoteWebDriver.java:119)
	at org.openqa.selenium.firefox.FirefoxDriver.<init>(FirefoxDriver.java:218)
	at org.openqa.selenium.firefox.FirefoxDriver.<init>(FirefoxDriver.java:211)
	at org.openqa.selenium.firefox.FirefoxDriver.<init>(FirefoxDriver.java:129)
	at sun.reflect.NativeConstructorAccessorImpl.newInstance0(Native Method)
	at sun.reflect.NativeConstructorAccessorImpl.newInstance(Unknown Source)
	at sun.reflect.DelegatingConstructorAccessorImpl.newInstance(Unknown Source)
	at java.lang.reflect.Constructor.newInstance(Unknown Source)
	at org.openqa.selenium.remote.server.FirefoxDriverProvider.callConstructor(FirefoxDriverProvider.java:91)
	at org.openqa.selenium.remote.server.FirefoxDriverProvider.newInstance(FirefoxDriverProvider.java:68)
	at org.openqa.selenium.remote.server.DefaultDriverFactory.newInstance(DefaultDriverFactory.java:60)
	at org.openqa.selenium.remote.server.DefaultSession$BrowserCreator.call(DefaultSession.java:222)
	at org.openqa.selenium.remote.server.DefaultSession$BrowserCreator.call(DefaultSession.java:1)
	at java.util.concurrent.FutureTask.run(Unknown Source)
	at org.openqa.selenium.remote.server.DefaultSession$1.run(DefaultSession.java:176)
	at java.util.concurrent.ThreadPoolExecutor.runWorker(Unknown Source)
	at java.util.concurrent.ThreadPoolExecutor$Worker.run(Unknown Source)
	at java.lang.Thread.run(Unknown Source)
]]>
    </failure>
  </testcase> <!-- @BeforeMethod setUp -->
  <testcase name="openDevinningForm" time="0.0" classname="com.cfs.index.ServiceRequestIndex">
    <skipped/>
  </testcase> <!-- openDevinningForm -->
</testsuite> <!-- TC_CFS_03 : To user can see the Devinning form for create request. -->
