<?xml version="1.0" encoding="UTF-8"?>
<!-- Generated by org.testng.reporters.JUnitXMLReporter -->
<testsuite hostname="ICWS-1162" name="TC_CFS_016 : Enter valid BOL Number and validate in eMDS sub system and deduce BOL details." tests="1" failures="0" timestamp="15 Feb 2017 05:59:05 GMT" time="124.131" errors="0">
  <testcase name="retrieveBOLDetails" time="106.626" classname="com.cfs.index.ServiceRequestIndex"/>
</testsuite> <!-- TC_CFS_016 : Enter valid BOL Number and validate in eMDS sub system and deduce BOL details. -->
