<?xml version="1.0" encoding="UTF-8"?>
<!-- Generated by org.testng.reporters.JUnitXMLReporter -->
<testsuite hostname="ICWS-1162" name="TC_CFS_07 : To verify user add cut seal for jobs." tests="7" failures="0" timestamp="16 Mar 2017 13:06:03 GMT" time="2242.749" errors="0">
  <testcase name="requestByBOLFlow" time="308.845" classname="com.cfs.index.ServiceRequestIndex"/>
  <testcase name="planPostpaidRequest" time="342.78" classname="com.cfs.index.ServiceRequestIndex"/>
  <testcase name="approvePostpaidRequest" time="213.086" classname="com.cfs.index.ServiceRequestIndex"/>
  <testcase name="viewCreatedJob" time="208.629" classname="com.cfs.index.JobIndex"/>
  <testcase name="planCreatedJob" time="497.981" classname="com.cfs.index.JobIndex"/>
  <testcase name="confirmContainerArrival" time="41.808" classname="com.cfs.index.JobIndex"/>
  <testcase name="completeDevanning" time="564.017" classname="com.cfs.index.JobIndex"/>
</testsuite> <!-- TC_CFS_07 : To verify user add cut seal for jobs. -->
